<?xml version="1.0" encoding="UTF-8"?>
<!-- Generated by org.testng.reporters.JUnitReportReporter -->
<testsuite hostname="INGUR1N1201" failures="0" tests="4" name="com.TestCases.TestCase_Parameterization_Excel" time="52.155" errors="0" timestamp="2022-07-15T15:03:19 IST" skipped="0">
  <testcase classname="com.TestCases.TestCase_Parameterization_Excel" name="TestCase_PassCredentails_UsingDataProvider" time="0.092"/>
  <system-out/>
  <testcase classname="com.TestCases.TestCase_Parameterization_Excel" name="TestCase_PassCredentails_UsingDataProvider" time="51.911"/>
  <system-out/>
  <testcase classname="com.TestCases.TestCase_Parameterization_Excel" name="TestCase_PassCredentails_UsingDataProvider" time="0.077"/>
  <system-out/>
  <testcase classname="com.TestCases.TestCase_Parameterization_Excel" name="TestCase_PassCredentails_UsingDataProvider" time="0.075"/>
  <system-out/>
</testsuite> <!-- com.TestCases.TestCase_Parameterization_Excel -->
