<?xml version="1.0" encoding="UTF-8"?>
<!-- Generated by org.testng.reporters.JUnitReportReporter -->
<testsuite hostname="INGUR1N1201" failures="0" tests="1" name="com.TestCases.TestCase_Multiple_Hover" time="7.703" errors="0" timestamp="2022-07-07T15:51:14 IST" skipped="0">
  <testcase classname="com.TestCases.TestCase_Multiple_Hover" name="HandleMutlipleHoverOption" time="7.703"/>
  <system-out/>
</testsuite> <!-- com.TestCases.TestCase_Multiple_Hover -->
