<?xml version="1.0" encoding="UTF-8"?>
<!-- Generated by org.testng.reporters.JUnitReportReporter -->
<testsuite hostname="nipunverma" failures="0" tests="1" name="com.TestCases.TestCase_FrameHandling" time="0.414" errors="0" timestamp="2022-05-25T19:48:12 IST" skipped="0">
  <testcase classname="com.TestCases.TestCase_FrameHandling" name="TestCase_FrameHandle" time="0.414"/>
  <system-out/>
</testsuite> <!-- com.TestCases.TestCase_FrameHandling -->
